============================= test session starts =============================
platform win32 -- Python 3.14.0, pytest-9.0.2, pluggy-1.6.0 -- C:\Users\mcwiz\AppData\Local\pypoetry\Cache\virtualenvs\unleashed-Zukdy2xA-py3.14\Scripts\python.exe
cachedir: .pytest_cache
benchmark: 5.2.3 (defaults: timer=time.perf_counter disable_gc=False min_rounds=5 min_time=0.000005 max_time=1.0 calibration_precision=10 warmup=False warmup_iterations=100000)
rootdir: C:\Users\mcwiz\Projects\AgentOS
configfile: pyproject.toml
plugins: anyio-4.12.1, langsmith-0.6.4, benchmark-5.2.3, cov-7.0.0
collecting ... collected 15 items

tests/test_issue_141.py::test_070 FAILED                                 [  6%]
tests/test_issue_141.py::test_100 FAILED                                 [ 13%]
tests/test_issue_141.py::test_110 FAILED                                 [ 20%]
tests/test_issue_141.py::test_120 FAILED                                 [ 26%]
tests/test_issue_141.py::test_130 FAILED                                 [ 33%]
tests/test_issue_141.py::test_010 FAILED                                 [ 40%]
tests/test_issue_141.py::test_020 FAILED                                 [ 46%]
tests/test_issue_141.py::test_030 FAILED                                 [ 53%]
tests/test_issue_141.py::test_040 FAILED                                 [ 60%]
tests/test_issue_141.py::test_050 FAILED                                 [ 66%]
tests/test_issue_141.py::test_060 FAILED                                 [ 73%]
tests/test_issue_141.py::test_080 FAILED                                 [ 80%]
tests/test_issue_141.py::test_090 FAILED                                 [ 86%]
tests/test_issue_141.py::test_140 FAILED                                 [ 93%]
tests/test_issue_141.py::test_150 FAILED                                 [100%]
WARNING: Failed to generate report: No data to report.


ERROR: Coverage failure: total of 0 is less than fail-under=95


================================== FAILURES ===================================
__________________________________ test_070 ___________________________________
tests\test_issue_141.py:41: in test_070
    assert False, "TDD: Implementation pending for test_070"
E   AssertionError: TDD: Implementation pending for test_070
E   assert False
__________________________________ test_100 ___________________________________
tests\test_issue_141.py:57: in test_100
    assert False, "TDD: Implementation pending for test_100"
E   AssertionError: TDD: Implementation pending for test_100
E   assert False
__________________________________ test_110 ___________________________________
tests\test_issue_141.py:73: in test_110
    assert False, "TDD: Implementation pending for test_110"
E   AssertionError: TDD: Implementation pending for test_110
E   assert False
__________________________________ test_120 ___________________________________
tests\test_issue_141.py:89: in test_120
    assert False, "TDD: Implementation pending for test_120"
E   AssertionError: TDD: Implementation pending for test_120
E   assert False
__________________________________ test_130 ___________________________________
tests\test_issue_141.py:105: in test_130
    assert False, "TDD: Implementation pending for test_130"
E   AssertionError: TDD: Implementation pending for test_130
E   assert False
__________________________________ test_010 ___________________________________
tests\test_issue_141.py:125: in test_010
    assert False, "TDD: Implementation pending for test_010"
E   AssertionError: TDD: Implementation pending for test_010
E   assert False
__________________________________ test_020 ___________________________________
tests\test_issue_141.py:141: in test_020
    assert False, "TDD: Implementation pending for test_020"
E   AssertionError: TDD: Implementation pending for test_020
E   assert False
__________________________________ test_030 ___________________________________
tests\test_issue_141.py:156: in test_030
    assert False, "TDD: Implementation pending for test_030"
E   AssertionError: TDD: Implementation pending for test_030
E   assert False
__________________________________ test_040 ___________________________________
tests\test_issue_141.py:171: in test_040
    assert False, "TDD: Implementation pending for test_040"
E   AssertionError: TDD: Implementation pending for test_040
E   assert False
__________________________________ test_050 ___________________________________
tests\test_issue_141.py:186: in test_050
    assert False, "TDD: Implementation pending for test_050"
E   AssertionError: TDD: Implementation pending for test_050
E   assert False
__________________________________ test_060 ___________________________________
tests\test_issue_141.py:202: in test_060
    assert False, "TDD: Implementation pending for test_060"
E   AssertionError: TDD: Implementation pending for test_060
E   assert False
__________________________________ test_080 ___________________________________
tests\test_issue_141.py:217: in test_080
    assert False, "TDD: Implementation pending for test_080"
E   AssertionError: TDD: Implementation pending for test_080
E   assert False
__________________________________ test_090 ___________________________________
tests\test_issue_141.py:233: in test_090
    assert False, "TDD: Implementation pending for test_090"
E   AssertionError: TDD: Implementation pending for test_090
E   assert False
__________________________________ test_140 ___________________________________
tests\test_issue_141.py:249: in test_140
    assert False, "TDD: Implementation pending for test_140"
E   AssertionError: TDD: Implementation pending for test_140
E   assert False
__________________________________ test_150 ___________________________________
tests\test_issue_141.py:265: in test_150
    assert False, "TDD: Implementation pending for test_150"
E   AssertionError: TDD: Implementation pending for test_150
E   assert False
=============================== tests coverage ================================
_______________ coverage: platform win32, python 3.14.0-final-0 _______________

FAIL Required test coverage of 95% not reached. Total coverage: 0.00%
=========================== short test summary info ===========================
FAILED tests/test_issue_141.py::test_070 - AssertionError: TDD: Implementatio...
FAILED tests/test_issue_141.py::test_100 - AssertionError: TDD: Implementatio...
FAILED tests/test_issue_141.py::test_110 - AssertionError: TDD: Implementatio...
FAILED tests/test_issue_141.py::test_120 - AssertionError: TDD: Implementatio...
FAILED tests/test_issue_141.py::test_130 - AssertionError: TDD: Implementatio...
FAILED tests/test_issue_141.py::test_010 - AssertionError: TDD: Implementatio...
FAILED tests/test_issue_141.py::test_020 - AssertionError: TDD: Implementatio...
FAILED tests/test_issue_141.py::test_030 - AssertionError: TDD: Implementatio...
FAILED tests/test_issue_141.py::test_040 - AssertionError: TDD: Implementatio...
FAILED tests/test_issue_141.py::test_050 - AssertionError: TDD: Implementatio...
FAILED tests/test_issue_141.py::test_060 - AssertionError: TDD: Implementatio...
FAILED tests/test_issue_141.py::test_080 - AssertionError: TDD: Implementatio...
FAILED tests/test_issue_141.py::test_090 - AssertionError: TDD: Implementatio...
FAILED tests/test_issue_141.py::test_140 - AssertionError: TDD: Implementatio...
FAILED tests/test_issue_141.py::test_150 - AssertionError: TDD: Implementatio...
============================= 15 failed in 0.08s ==============================

C:\Users\mcwiz\AppData\Local\pypoetry\Cache\virtualenvs\unleashed-Zukdy2xA-py3.14\Lib\site-packages\coverage\inorout.py:497: CoverageWarning: Module agentos.workflows.testing.nodes.finalize was never imported. (module-not-imported); see https://coverage.readthedocs.io/en/7.13.1/messages.html#warning-module-not-imported
  self.warn(f"Module {pkg} was never imported.", slug="module-not-imported")
C:\Users\mcwiz\AppData\Local\pypoetry\Cache\virtualenvs\unleashed-Zukdy2xA-py3.14\Lib\site-packages\coverage\control.py:958: CoverageWarning: No data was collected. (no-data-collected); see https://coverage.readthedocs.io/en/7.13.1/messages.html#warning-no-data-collected
  self._warn("No data was collected.", slug="no-data-collected")
C:\Users\mcwiz\AppData\Local\pypoetry\Cache\virtualenvs\unleashed-Zukdy2xA-py3.14\Lib\site-packages\pytest_cov\plugin.py:363: CovReportWarning: Failed to generate report: No data to report.

  warnings.warn(CovReportWarning(message), stacklevel=1)
