============================= test session starts =============================
platform win32 -- Python 3.14.0, pytest-9.0.2, pluggy-1.6.0 -- C:\Users\mcwiz\AppData\Local\pypoetry\Cache\virtualenvs\agentos-tools-avX7uQzj-py3.14\Scripts\python.exe
cachedir: .pytest_cache
benchmark: 5.2.3 (defaults: timer=time.perf_counter disable_gc=False min_rounds=5 min_time=0.000005 max_time=1.0 calibration_precision=10 warmup=False warmup_iterations=100000)
rootdir: C:\Users\mcwiz\Projects\AgentOS-257
configfile: pyproject.toml
plugins: anyio-4.12.1, langsmith-0.6.4, asyncio-1.3.0, benchmark-5.2.3, cov-7.0.0
asyncio: mode=Mode.STRICT, debug=False, asyncio_default_fixture_loop_scope=None, asyncio_default_test_loop_scope=function
collecting ... collected 21 items

tests/test_issue_257.py::test_id FAILED                                  [  4%]
tests/test_issue_257.py::test_t010 FAILED                                [  9%]
tests/test_issue_257.py::test_t020 FAILED                                [ 14%]
tests/test_issue_257.py::test_t030 FAILED                                [ 19%]
tests/test_issue_257.py::test_t040 FAILED                                [ 23%]
tests/test_issue_257.py::test_t050 FAILED                                [ 28%]
tests/test_issue_257.py::test_t060 FAILED                                [ 33%]
tests/test_issue_257.py::test_t090 FAILED                                [ 38%]
tests/test_issue_257.py::test_010 FAILED                                 [ 42%]
tests/test_issue_257.py::test_020 FAILED                                 [ 47%]
tests/test_issue_257.py::test_030 FAILED                                 [ 52%]
tests/test_issue_257.py::test_040 FAILED                                 [ 57%]
tests/test_issue_257.py::test_050 FAILED                                 [ 61%]
tests/test_issue_257.py::test_060 FAILED                                 [ 66%]
tests/test_issue_257.py::test_090 FAILED                                 [ 71%]
tests/test_issue_257.py::test_100 FAILED                                 [ 76%]
tests/test_issue_257.py::test_110 FAILED                                 [ 80%]
tests/test_issue_257.py::test_070 FAILED                                 [ 85%]
tests/test_issue_257.py::test_080 FAILED                                 [ 90%]
tests/test_issue_257.py::test_t070 FAILED                                [ 95%]
tests/test_issue_257.py::test_t080 FAILED                                [100%]
ERROR: Coverage failure: total of 24 is less than fail-under=95


================================== FAILURES ===================================
___________________________________ test_id ___________________________________
tests\test_issue_257.py:37: in test_id
    assert False, 'TDD RED: test_id not implemented'
E   AssertionError: TDD RED: test_id not implemented
E   assert False
__________________________________ test_t010 __________________________________
tests\test_issue_257.py:53: in test_t010
    assert False, 'TDD RED: test_t010 not implemented'
E   AssertionError: TDD RED: test_t010 not implemented
E   assert False
__________________________________ test_t020 __________________________________
tests\test_issue_257.py:69: in test_t020
    assert False, 'TDD RED: test_t020 not implemented'
E   AssertionError: TDD RED: test_t020 not implemented
E   assert False
__________________________________ test_t030 __________________________________
tests\test_issue_257.py:85: in test_t030
    assert False, 'TDD RED: test_t030 not implemented'
E   AssertionError: TDD RED: test_t030 not implemented
E   assert False
__________________________________ test_t040 __________________________________
tests\test_issue_257.py:101: in test_t040
    assert False, 'TDD RED: test_t040 not implemented'
E   AssertionError: TDD RED: test_t040 not implemented
E   assert False
__________________________________ test_t050 __________________________________
tests\test_issue_257.py:117: in test_t050
    assert False, 'TDD RED: test_t050 not implemented'
E   AssertionError: TDD RED: test_t050 not implemented
E   assert False
__________________________________ test_t060 __________________________________
tests\test_issue_257.py:133: in test_t060
    assert False, 'TDD RED: test_t060 not implemented'
E   AssertionError: TDD RED: test_t060 not implemented
E   assert False
__________________________________ test_t090 __________________________________
tests\test_issue_257.py:149: in test_t090
    assert False, 'TDD RED: test_t090 not implemented'
E   AssertionError: TDD RED: test_t090 not implemented
E   assert False
__________________________________ test_010 ___________________________________
tests\test_issue_257.py:166: in test_010
    assert False, 'TDD RED: test_010 not implemented'
E   AssertionError: TDD RED: test_010 not implemented
E   assert False
__________________________________ test_020 ___________________________________
tests\test_issue_257.py:182: in test_020
    assert False, 'TDD RED: test_020 not implemented'
E   AssertionError: TDD RED: test_020 not implemented
E   assert False
__________________________________ test_030 ___________________________________
tests\test_issue_257.py:198: in test_030
    assert False, 'TDD RED: test_030 not implemented'
E   AssertionError: TDD RED: test_030 not implemented
E   assert False
__________________________________ test_040 ___________________________________
tests\test_issue_257.py:213: in test_040
    assert False, 'TDD RED: test_040 not implemented'
E   AssertionError: TDD RED: test_040 not implemented
E   assert False
__________________________________ test_050 ___________________________________
tests\test_issue_257.py:229: in test_050
    assert False, 'TDD RED: test_050 not implemented'
E   AssertionError: TDD RED: test_050 not implemented
E   assert False
__________________________________ test_060 ___________________________________
tests\test_issue_257.py:245: in test_060
    assert False, 'TDD RED: test_060 not implemented'
E   AssertionError: TDD RED: test_060 not implemented
E   assert False
__________________________________ test_090 ___________________________________
tests\test_issue_257.py:261: in test_090
    assert False, 'TDD RED: test_090 not implemented'
E   AssertionError: TDD RED: test_090 not implemented
E   assert False
__________________________________ test_100 ___________________________________
tests\test_issue_257.py:277: in test_100
    assert False, 'TDD RED: test_100 not implemented'
E   AssertionError: TDD RED: test_100 not implemented
E   assert False
__________________________________ test_110 ___________________________________
tests\test_issue_257.py:293: in test_110
    assert False, 'TDD RED: test_110 not implemented'
E   AssertionError: TDD RED: test_110 not implemented
E   assert False
__________________________________ test_070 ___________________________________
tests\test_issue_257.py:314: in test_070
    assert False, 'TDD RED: test_070 not implemented'
E   AssertionError: TDD RED: test_070 not implemented
E   assert False
__________________________________ test_080 ___________________________________
tests\test_issue_257.py:331: in test_080
    assert False, 'TDD RED: test_080 not implemented'
E   AssertionError: TDD RED: test_080 not implemented
E   assert False
__________________________________ test_t070 __________________________________
tests\test_issue_257.py:352: in test_t070
    assert False, 'TDD RED: test_t070 not implemented'
E   AssertionError: TDD RED: test_t070 not implemented
E   assert False
__________________________________ test_t080 __________________________________
tests\test_issue_257.py:369: in test_t080
    assert False, 'TDD RED: test_t080 not implemented'
E   AssertionError: TDD RED: test_t080 not implemented
E   assert False
============================== warnings summary ===============================
..\..\AppData\Local\pypoetry\Cache\virtualenvs\agentos-tools-avX7uQzj-py3.14\Lib\site-packages\langchain_core\_api\deprecation.py:27
..\..\AppData\Local\pypoetry\Cache\virtualenvs\agentos-tools-avX7uQzj-py3.14\Lib\site-packages\langchain_core\_api\deprecation.py:27
  C:\Users\mcwiz\AppData\Local\pypoetry\Cache\virtualenvs\agentos-tools-avX7uQzj-py3.14\Lib\site-packages\langchain_core\_api\deprecation.py:27: UserWarning: Core Pydantic V1 functionality isn't compatible with Python 3.14 or greater.
    from pydantic.v1.fields import FieldInfo as FieldInfoV1

..\..\AppData\Local\pypoetry\Cache\virtualenvs\agentos-tools-avX7uQzj-py3.14\Lib\site-packages\pydantic\v1\typing.py:77: 14 warnings
  C:\Users\mcwiz\AppData\Local\pypoetry\Cache\virtualenvs\agentos-tools-avX7uQzj-py3.14\Lib\site-packages\pydantic\v1\typing.py:77: DeprecationWarning: ForwardRef._evaluate is a private API and is retained for compatibility, but will be removed in Python 3.16. Use ForwardRef.evaluate() or typing.evaluate_forward_ref() instead.
    return cast(Any, type_)._evaluate(globalns, localns, type_params=(), recursive_guard=set())

..\..\AppData\Local\pypoetry\Cache\virtualenvs\agentos-tools-avX7uQzj-py3.14\Lib\site-packages\google\genai\types.py:43
..\..\AppData\Local\pypoetry\Cache\virtualenvs\agentos-tools-avX7uQzj-py3.14\Lib\site-packages\google\genai\types.py:43
  C:\Users\mcwiz\AppData\Local\pypoetry\Cache\virtualenvs\agentos-tools-avX7uQzj-py3.14\Lib\site-packages\google\genai\types.py:43: DeprecationWarning: '_UnionGenericAlias' is deprecated and slated for removal in Python 3.17
    VersionedUnionType = Union[builtin_types.UnionType, _UnionGenericAlias]

-- Docs: https://docs.pytest.org/en/stable/how-to/capture-warnings.html
=============================== tests coverage ================================
_______________ coverage: platform win32, python 3.14.0-final-0 _______________

Name                                                       Stmts   Miss  Cover   Missing
----------------------------------------------------------------------------------------
agentos\workflows\requirements\parsers\verdict_parser.py      90     68    24%   77-94, 106-124, 141-202, 216-258, 272-281
----------------------------------------------------------------------------------------
TOTAL                                                         90     68    24%
FAIL Required test coverage of 95% not reached. Total coverage: 24.44%
=========================== short test summary info ===========================
FAILED tests/test_issue_257.py::test_id - AssertionError: TDD RED: test_id no...
FAILED tests/test_issue_257.py::test_t010 - AssertionError: TDD RED: test_t01...
FAILED tests/test_issue_257.py::test_t020 - AssertionError: TDD RED: test_t02...
FAILED tests/test_issue_257.py::test_t030 - AssertionError: TDD RED: test_t03...
FAILED tests/test_issue_257.py::test_t040 - AssertionError: TDD RED: test_t04...
FAILED tests/test_issue_257.py::test_t050 - AssertionError: TDD RED: test_t05...
FAILED tests/test_issue_257.py::test_t060 - AssertionError: TDD RED: test_t06...
FAILED tests/test_issue_257.py::test_t090 - AssertionError: TDD RED: test_t09...
FAILED tests/test_issue_257.py::test_010 - AssertionError: TDD RED: test_010 ...
FAILED tests/test_issue_257.py::test_020 - AssertionError: TDD RED: test_020 ...
FAILED tests/test_issue_257.py::test_030 - AssertionError: TDD RED: test_030 ...
FAILED tests/test_issue_257.py::test_040 - AssertionError: TDD RED: test_040 ...
FAILED tests/test_issue_257.py::test_050 - AssertionError: TDD RED: test_050 ...
FAILED tests/test_issue_257.py::test_060 - AssertionError: TDD RED: test_060 ...
FAILED tests/test_issue_257.py::test_090 - AssertionError: TDD RED: test_090 ...
FAILED tests/test_issue_257.py::test_100 - AssertionError: TDD RED: test_100 ...
FAILED tests/test_issue_257.py::test_110 - AssertionError: TDD RED: test_110 ...
FAILED tests/test_issue_257.py::test_070 - AssertionError: TDD RED: test_070 ...
FAILED tests/test_issue_257.py::test_080 - AssertionError: TDD RED: test_080 ...
FAILED tests/test_issue_257.py::test_t070 - AssertionError: TDD RED: test_t07...
FAILED tests/test_issue_257.py::test_t080 - AssertionError: TDD RED: test_t08...
======================= 21 failed, 18 warnings in 1.09s =======================

